<?xml version="1.0" encoding="UTF-8"?>
<testsuite name="PasswordCheckerTest" tests="2" skipped="0" failures="0" errors="0" timestamp="2020-01-24T14:10:35" hostname="thotsana-ThinkPad-P50" time="0.02">
  <properties/>
  <testcase name="passwordIsValid()" classname="PasswordCheckerTest" time="0.008"/>
  <testcase name="passwordIsOk()" classname="PasswordCheckerTest" time="0.011"/>
  <system-out><![CDATA[16:10:35.766 [Test worker] DEBUG PasswordChecker - Password is OK.
]]></system-out>
  <system-err><![CDATA[]]></system-err>
</testsuite>
